<?xml version="1.0" encoding="UTF-8"?>
<testng-results ignored="0" total="1" passed="1" failed="0" skipped="0">
  <reporter-output>
  </reporter-output>
  <suite started-at="2025-04-15T17:30:36 IST" name="Suite" finished-at="2025-04-15T17:31:00 IST" duration-ms="24259">
    <groups>
    </groups>
    <test started-at="2025-04-15T17:30:36 IST" name="Test" finished-at="2025-04-15T17:31:00 IST" duration-ms="24259">
      <class name="assignment.IxigoTestCase">
        <test-method signature="indigoHome()[pri:0, instance:assignment.IxigoTestCase@7bfc3126]" started-at="2025-04-15T17:30:36 IST" name="indigoHome" finished-at="2025-04-15T17:31:00 IST" duration-ms="23656" status="PASS">
          <reporter-output>
          </reporter-output>
        </test-method> <!-- indigoHome -->
        <test-method is-config="true" signature="teardown()[pri:0, instance:assignment.IxigoTestCase@7bfc3126]" started-at="2025-04-15T17:31:00 IST" name="teardown" finished-at="2025-04-15T17:31:00 IST" duration-ms="533" status="PASS">
          <reporter-output>
          </reporter-output>
        </test-method> <!-- teardown -->
      </class> <!-- assignment.IxigoTestCase -->
    </test> <!-- Test -->
  </suite> <!-- Suite -->
</testng-results>
